<?xml version="1.0" encoding="UTF-8"?>
<!-- Generated by org.testng.reporters.JUnitReportReporter -->
<testsuite hostname="DESKTOP-2IJS79F" failures="0" tests="2" name="testngPractice.DataProvider1" time="0.028" errors="0" timestamp="2023-05-23T17:56:14 IST" skipped="0">
  <testcase classname="testngPractice.DataProvider1" name="getdata" time="0.024"/>
  <system-out/>
  <testcase classname="testngPractice.DataProvider1" name="getdata" time="0.004"/>
  <system-out/>
</testsuite> <!-- testngPractice.DataProvider1 -->
