<?xml version="1.0" encoding="UTF-8"?>
<!-- Generated by org.testng.reporters.JUnitReportReporter -->
<testsuite hostname="DESKTOP-2IJS79F" failures="0" tests="9" name="testngPractice.Output" time="0.048" errors="0" timestamp="2023-05-23T23:03:59 IST" skipped="0">
  <testcase classname="testngPractice.Output" name="getstates" time="0.002"/>
  <system-out/>
  <testcase classname="testngPractice.Output" name="getdata" time="0.017"/>
  <system-out/>
  <testcase classname="testngPractice.Output" name="getinfo" time="0.003"/>
  <system-out/>
  <testcase classname="testngPractice.Output" name="getdata" time="0.009"/>
  <system-out/>
  <testcase classname="testngPractice.Output" name="getstates" time="0.003"/>
  <system-out/>
  <testcase classname="testngPractice.Output" name="getinfo" time="0.004"/>
  <system-out/>
  <testcase classname="testngPractice.Output" name="getstates" time="0.003"/>
  <system-out/>
  <testcase classname="testngPractice.Output" name="getinfo" time="0.003"/>
  <system-out/>
  <testcase classname="testngPractice.Output" name="getinfo" time="0.004"/>
  <system-out/>
</testsuite> <!-- testngPractice.Output -->
