<?xml version="1.0" encoding="UTF-8"?>
<!-- Generated by org.testng.reporters.JUnitReportReporter -->
<testsuite hostname="DESKTOP-2IJS79F" failures="0" tests="7" name="testngPractice.Testpractice" time="0.029" errors="0" timestamp="2023-05-23T18:00:12 IST" skipped="0">
  <testcase classname="testngPractice.Testpractice" name="one" time="0.015"/>
  <system-out/>
  <testcase classname="testngPractice.Testpractice" name="getdata" time="0.001"/>
  <system-out/>
  <testcase classname="testngPractice.Testpractice" name="delete" time="0.004"/>
  <system-out/>
  <testcase classname="testngPractice.Testpractice" name="update" time="0.002"/>
  <system-out/>
  <testcase classname="testngPractice.Testpractice" name="update" time="0.003"/>
  <system-out/>
  <testcase classname="testngPractice.Testpractice" name="getdata" time="0.002"/>
  <system-out/>
  <testcase classname="testngPractice.Testpractice" name="create" time="0.002"/>
  <system-out/>
</testsuite> <!-- testngPractice.Testpractice -->
