<?xml version="1.0" encoding="UTF-8"?>
<!-- Generated by org.testng.reporters.JUnitReportReporter -->
<testsuite hostname="DESKTOP-2IJS79F" failures="0" tests="3" name="testngPractice.Fromexcel" time="0.021" errors="0" timestamp="2023-05-24T11:40:32 IST" skipped="0">
  <testcase classname="testngPractice.Fromexcel" name="getdata" time="0.004"/>
  <system-out/>
  <testcase classname="testngPractice.Fromexcel" name="getdata" time="0.003"/>
  <system-out/>
  <testcase classname="testngPractice.Fromexcel" name="getdata" time="0.014"/>
  <system-out/>
</testsuite> <!-- testngPractice.Fromexcel -->
